2024-12-30 03:52:02,319 - INFO - Log file created at: C:\Users\conta\KinOS_missions\book\AI_Assistant.log
2024-12-30 03:52:02,328 - DEBUG - CoInitializeEx(None, 2)
2024-12-30 03:52:02,358 - INFO - Imported existing <module 'comtypes.gen' from 'C:\\Python312\\Lib\\site-packages\\comtypes\\gen\\__init__.py'>
2024-12-30 03:52:02,359 - INFO - Using writeable comtypes cache directory: 'C:\Python312\Lib\site-packages\comtypes\gen'
2024-12-30 03:52:02,402 - DEBUG - SAPI.SPVoice -> {96749377-3391-11D2-9EE3-00C04F797396}
2024-12-30 03:52:02,403 - DEBUG - CoCreateInstance({96749377-3391-11D2-9EE3-00C04F797396}, clsctx=None, interface=None)
2024-12-30 03:52:02,410 - DEBUG - GetBestInterface(<POINTER(IUnknown) ptr=0x10893bcd600 at 108c70605d0>)
2024-12-30 03:52:02,410 - DEBUG - Does implement IProvideClassInfo
2024-12-30 03:52:02,411 - DEBUG - Default interface is {269316D8-57BD-11D2-9EEE-00C04F797396}
2024-12-30 03:52:02,412 - DEBUG - Release <POINTER(IUnknown) ptr=0x10893bcd640 at 108c7060a50>
2024-12-30 03:52:02,412 - DEBUG - GetModule(TLIBATTR(GUID={C866CA3A-32F7-11D2-9602-00C04F8EE628}, Version=5.4, LCID=0, FLags=0x8))
2024-12-30 03:52:02,412 - DEBUG - Implements default interface from typeinfo <class 'comtypes.gen._C866CA3A_32F7_11D2_9602_00C04F8EE628_0_5_4.ISpeechVoice'>
2024-12-30 03:52:02,412 - DEBUG - Final result is <POINTER(ISpeechVoice) ptr=0x10893bcd640 at 108c7060950>
2024-12-30 03:52:02,413 - DEBUG - Release <POINTER(IProvideClassInfo) ptr=0x10893bcd660 at 108c7060650>
2024-12-30 03:52:02,413 - DEBUG - Release <POINTER(ITypeInfo) ptr=0x108c6026028 at 108c70606d0>
2024-12-30 03:52:02,413 - DEBUG - Release <POINTER(ITypeInfo) ptr=0x108c6026080 at 108c70607d0>
2024-12-30 03:52:02,413 - DEBUG - Release <POINTER(ITypeLib) ptr=0x108c46d2be0 at 108c7060a50>
2024-12-30 03:52:02,413 - DEBUG - Release <POINTER(IUnknown) ptr=0x10893bcd600 at 108c70605d0>
2024-12-30 03:52:02,414 - DEBUG - <POINTER(ISpeechVoice) ptr=0x10893bcd640 at 108c7060950> using sinkinterface from clsid <class 'comtypes.gen._C866CA3A_32F7_11D2_9602_00C04F8EE628_0_5_4._ISpeechVoiceEvents'>
2024-12-30 03:52:02,414 - DEBUG - Release <POINTER(IProvideClassInfo2) ptr=0x10893bcd660 at 108c70605d0>
2024-12-30 03:52:02,415 - DEBUG - <comtypes.client._events.CreateEventReceiver.<locals>.Sink object at 0x00000108C6EE1A30>: _ISpeechVoiceEvents.VoiceChange not implemented
2024-12-30 03:52:02,416 - DEBUG - <comtypes.client._events.CreateEventReceiver.<locals>.Sink object at 0x00000108C6EE1A30>: _ISpeechVoiceEvents.Bookmark not implemented
2024-12-30 03:52:02,416 - DEBUG - <comtypes.client._events.CreateEventReceiver.<locals>.Sink object at 0x00000108C6EE1A30>: _ISpeechVoiceEvents.Word not implemented
2024-12-30 03:52:02,416 - DEBUG - <comtypes.client._events.CreateEventReceiver.<locals>.Sink object at 0x00000108C6EE1A30>: _ISpeechVoiceEvents.Sentence not implemented
2024-12-30 03:52:02,416 - DEBUG - <comtypes.client._events.CreateEventReceiver.<locals>.Sink object at 0x00000108C6EE1A30>: _ISpeechVoiceEvents.Phoneme not implemented
2024-12-30 03:52:02,416 - DEBUG - <comtypes.client._events.CreateEventReceiver.<locals>.Sink object at 0x00000108C6EE1A30>: _ISpeechVoiceEvents.Viseme not implemented
2024-12-30 03:52:02,416 - DEBUG - <comtypes.client._events.CreateEventReceiver.<locals>.Sink object at 0x00000108C6EE1A30>: _ISpeechVoiceEvents.AudioLevel not implemented
2024-12-30 03:52:02,416 - DEBUG - <comtypes.client._events.CreateEventReceiver.<locals>.Sink object at 0x00000108C6EE1A30>: _ISpeechVoiceEvents.EnginePrivate not implemented
2024-12-30 03:52:02,417 - DEBUG - Start advise <class 'comtypes.gen._C866CA3A_32F7_11D2_9602_00C04F8EE628_0_5_4._ISpeechVoiceEvents'>
2024-12-30 03:52:02,417 - DEBUG - <comtypes.client._events.CreateEventReceiver.<locals>.Sink object at 0x00000108C6EE1A30>.QueryInterface({A372ACD1-3BEF-4BBD-8FFB-CB3E2B416AF8}) -> S_OK
2024-12-30 03:52:02,417 - DEBUG - 1 active COM objects: Added   <comtypes.client._events.CreateEventReceiver.<locals>.Sink object at 0x00000108C6EE1A30>
2024-12-30 03:52:02,417 - DEBUG - <comtypes.client._events.CreateEventReceiver.<locals>.Sink object at 0x00000108C6EE1A30>.AddRef() -> 1
2024-12-30 03:52:02,420 - DEBUG - Release <POINTER(IConnectionPointContainer) ptr=0x10893bcd668 at 108c7061cd0>
2024-12-30 03:52:02,457 - DEBUG - wrap_outparam(<POINTER(ISpeechObjectToken) ptr=0x10893bce2a0 at 108c7061cd0>)
2024-12-30 03:52:02,458 - DEBUG - Release <POINTER(ISpeechObjectToken) ptr=0x10893bce2a0 at 108c7061cd0>
2024-12-30 03:52:02,458 - DEBUG - wrap_outparam(<POINTER(ISpeechObjectTokens) ptr=0x108ca02eba0 at 108c7061cd0>)
2024-12-30 03:52:02,459 - DEBUG - Release <POINTER(IUnknown) ptr=0x108ca05e6f0 at 108c7061e50>
2024-12-30 03:52:02,460 - DEBUG - wrap_outparam(<POINTER(IDispatch) ptr=0x108c7ed81a0 at 108c7061f50>)
2024-12-30 03:52:02,460 - DEBUG - GetBestInterface(<POINTER(IDispatch) ptr=0x108c7ed81a0 at 108c7061f50>)
2024-12-30 03:52:02,460 - DEBUG - Does NOT implement IProvideClassInfo, trying IProvideClassInfo2
2024-12-30 03:52:02,461 - DEBUG - Does NOT implement IProvideClassInfo/IProvideClassInfo2
2024-12-30 03:52:02,461 - DEBUG - Release <POINTER(IUnknown) ptr=0x108c6026130 at 108c70620d0>
2024-12-30 03:52:02,462 - DEBUG - Default interface is {C74A3ADC-B727-4500-A84A-B526721C8B8C}
2024-12-30 03:52:02,462 - DEBUG - Release <POINTER(IUnknown) ptr=0x108c7ed81a0 at 108c70622d0>
2024-12-30 03:52:02,462 - DEBUG - GetModule(TLIBATTR(GUID={C866CA3A-32F7-11D2-9602-00C04F8EE628}, Version=5.4, LCID=0, FLags=0x8))
2024-12-30 03:52:02,462 - DEBUG - Implements default interface from typeinfo <class 'comtypes.gen._C866CA3A_32F7_11D2_9602_00C04F8EE628_0_5_4.ISpeechObjectToken'>
2024-12-30 03:52:02,463 - DEBUG - Final result is <POINTER(ISpeechObjectToken) ptr=0x108c7ed81a0 at 108c70620d0>
2024-12-30 03:52:02,463 - DEBUG - Release <POINTER(IDispatch) ptr=0x108c7ed81a0 at 108c70621d0>
2024-12-30 03:52:02,463 - DEBUG - Release <POINTER(ITypeInfo) ptr=0x108c6026130 at 108c7062250>
2024-12-30 03:52:02,463 - DEBUG - Release <POINTER(ITypeLib) ptr=0x108c46d2be0 at 108c70622d0>
2024-12-30 03:52:02,463 - DEBUG - Release <POINTER(IDispatch) ptr=0x108c7ed81a0 at 108c7061f50>
2024-12-30 03:52:02,463 - DEBUG - Release <POINTER(IEnumVARIANT) ptr=0x108ca05e6f0 at 108c7061dd0>
2024-12-30 03:52:02,464 - DEBUG - Release <POINTER(ISpeechObjectTokens) ptr=0x108ca02eba0 at 108c7061cd0>
2024-12-30 03:52:02,464 - DEBUG - Release <POINTER(ISpeechObjectToken) ptr=0x108c7ed81a0 at 108c70620d0>
2024-12-30 03:52:02,533 - INFO - Creating UI elements for first time
2024-12-30 03:52:03,259 - INFO - Scanning for working audio input devices...
2024-12-30 03:52:03,261 - INFO - Default input device: Microphone sur casque (Jabra EV
2024-12-30 03:52:03,387 - INFO - Default device working
2024-12-30 03:52:03,505 - INFO - Found working device: Mappeur de sons Microsoft - Input
2024-12-30 03:52:03,663 - INFO - Found working device: Mixage stéréo (Realtek(R) Audio
2024-12-30 03:52:03,757 - INFO - Found working device: Réseau de microphones (Technolo
2024-12-30 03:52:03,872 - INFO - Found working device: Pilote de capture audio principal
2024-12-30 03:52:03,989 - INFO - Found working device: Microphone sur casque (Jabra EVOLVE 30 II)
2024-12-30 03:52:04,043 - INFO - Found working device: Mixage stéréo (Realtek(R) Audio)
2024-12-30 03:52:04,135 - INFO - Found working device: Réseau de microphones (Technologie Intel® Smart Sound pour microphones numériques)
2024-12-30 03:52:04,136 - DEBUG - Skipping device 19: [Errno -9997] Invalid sample rate
2024-12-30 03:52:04,139 - DEBUG - Skipping device 20: [Errno -9997] Invalid sample rate
2024-12-30 03:52:04,140 - DEBUG - Skipping device 21: [Errno -9997] Invalid sample rate
2024-12-30 03:52:04,140 - DEBUG - Skipping device 22: [Errno -9999] Unanticipated host error
2024-12-30 03:52:04,140 - DEBUG - Skipping device 23: [Errno -9999] Unanticipated host error
2024-12-30 03:52:04,140 - DEBUG - Skipping device 24: [Errno -9999] Unanticipated host error
2024-12-30 03:52:04,141 - DEBUG - Skipping device 27: [Errno -9999] Unanticipated host error
2024-12-30 03:52:04,141 - DEBUG - Skipping device 31: [Errno -9999] Unanticipated host error
2024-12-30 03:52:04,141 - DEBUG - Skipping device 32: [Errno -9999] Unanticipated host error
2024-12-30 03:52:04,141 - DEBUG - Skipping device 33: [Errno -9999] Unanticipated host error
2024-12-30 03:52:04,141 - DEBUG - Skipping device 35: [Errno -9999] Unanticipated host error
2024-12-30 03:52:04,142 - DEBUG - Skipping device 38: [Errno -9999] Unanticipated host error
2024-12-30 03:52:04,142 - DEBUG - Skipping device 39: [Errno -9999] Unanticipated host error
2024-12-30 03:52:04,142 - DEBUG - Skipping device 42: [Errno -9999] Unanticipated host error
2024-12-30 03:52:04,142 - DEBUG - Skipping device 43: [Errno -9999] Unanticipated host error
2024-12-30 03:52:04,142 - DEBUG - Skipping device 44: [Errno -9999] Unanticipated host error
2024-12-30 03:52:04,142 - DEBUG - Skipping device 45: [Errno -9999] Unanticipated host error
2024-12-30 03:52:04,143 - INFO - Found 8 working microphone(s)
2024-12-30 03:52:04,185 - INFO - Scanning for working audio output devices...
2024-12-30 03:52:04,186 - INFO - Default output device: Casque pour téléphone (Jabra EV
2024-12-30 03:52:04,242 - INFO - Default output device working
2024-12-30 03:52:04,293 - INFO - Found working output device: Mappeur de sons Microsoft - Output
2024-12-30 03:52:04,364 - INFO - Found working output device: Haut-parleurs (Realtek(R) Audio
2024-12-30 03:52:06,397 - INFO - Found working output device: Casque (Oculus Virtual Audio De
2024-12-30 03:52:06,401 - INFO - Found working output device: Périphérique audio principal
2024-12-30 03:52:06,408 - INFO - Found working output device: Casque pour téléphone (Jabra EVOLVE 30 II)
2024-12-30 03:52:06,413 - INFO - Found working output device: Haut-parleurs (Realtek(R) Audio)
2024-12-30 03:52:06,417 - INFO - Found working output device: Casque (Oculus Virtual Audio Device)
2024-12-30 03:52:06,420 - DEBUG - Skipping output device 16: [Errno -9997] Invalid sample rate
2024-12-30 03:52:06,424 - DEBUG - Skipping output device 17: [Errno -9997] Invalid sample rate
2024-12-30 03:52:06,434 - DEBUG - Skipping output device 18: [Errno -9997] Invalid sample rate
2024-12-30 03:52:06,435 - DEBUG - Skipping output device 25: [Errno -9999] Unanticipated host error
2024-12-30 03:52:06,435 - DEBUG - Skipping output device 26: [Errno -9999] Unanticipated host error
2024-12-30 03:52:06,435 - DEBUG - Skipping output device 28: [Errno -9999] Unanticipated host error
2024-12-30 03:52:06,436 - DEBUG - Skipping output device 29: [Errno -9999] Unanticipated host error
2024-12-30 03:52:06,436 - DEBUG - Skipping output device 30: [Errno -9999] Unanticipated host error
2024-12-30 03:52:06,436 - DEBUG - Skipping output device 34: [Errno -9999] Unanticipated host error
2024-12-30 03:52:06,437 - DEBUG - Skipping output device 36: [Errno -9999] Unanticipated host error
2024-12-30 03:52:06,437 - DEBUG - Skipping output device 37: [Errno -9999] Unanticipated host error
2024-12-30 03:52:06,437 - DEBUG - Skipping output device 40: [Errno -9999] Unanticipated host error
2024-12-30 03:52:06,438 - DEBUG - Skipping output device 41: [Errno -9999] Unanticipated host error
2024-12-30 03:52:06,438 - INFO - Found 8 working output device(s)
